2015.05.12 22:24:20	1	Начало импорта БД `drupal`
2015.05.12 22:24:20	1	Файл: drupal_2015-05-12_22-12-23.sql.gz
2015.05.12 22:24:20	1	Установлена кодировка соединения: `binary`
2015.05.12 22:24:20	1	Импорт таблицы `actions`
2015.05.12 22:24:20	1	Импорт таблицы `authmap`
2015.05.12 22:24:20	1	Импорт таблицы `batch`
2015.05.12 22:24:20	1	Импорт таблицы `block`
2015.05.12 22:24:20	1	Импорт таблицы `block_custom`
2015.05.12 22:24:20	1	Импорт таблицы `block_node_type`
2015.05.12 22:24:21	1	Импорт таблицы `block_role`
2015.05.12 22:24:21	1	Импорт таблицы `blocked_ips`
2015.05.12 22:24:21	1	Импорт таблицы `cache`
2015.05.12 22:24:21	1	Импорт таблицы `cache_admin_menu`
2015.05.12 22:24:21	1	Импорт таблицы `cache_block`
2015.05.12 22:24:21	1	Импорт таблицы `cache_bootstrap`
2015.05.12 22:24:22	1	Импорт таблицы `cache_field`
2015.05.12 22:24:22	1	Импорт таблицы `cache_filter`
2015.05.12 22:24:22	1	Импорт таблицы `cache_form`
2015.05.12 22:24:22	1	Импорт таблицы `cache_image`
2015.05.12 22:24:22	1	Импорт таблицы `cache_l10n_update`
2015.05.12 22:24:22	1	Импорт таблицы `cache_menu`
2015.05.12 22:24:22	1	Импорт таблицы `cache_page`
2015.05.12 22:24:22	1	Импорт таблицы `cache_path`
2015.05.12 22:24:23	1	Импорт таблицы `cache_update`
2015.05.12 22:24:23	1	Импорт таблицы `comment`
2015.05.12 22:24:23	1	Импорт таблицы `date_format_locale`
2015.05.12 22:24:23	1	Импорт таблицы `date_format_type`
2015.05.12 22:24:23	1	Импорт таблицы `date_formats`
2015.05.12 22:24:23	1	Импорт таблицы `field_config`
2015.05.12 22:24:23	1	Импорт таблицы `field_config_instance`
2015.05.12 22:24:23	1	Импорт таблицы `field_data_body`
2015.05.12 22:24:24	1	Импорт таблицы `field_data_comment_body`
2015.05.12 22:24:24	1	Импорт таблицы `field_data_field_image`
2015.05.12 22:24:24	1	Импорт таблицы `field_data_field_tags`
2015.05.12 22:24:24	1	Импорт таблицы `field_revision_body`
2015.05.12 22:24:24	1	Импорт таблицы `field_revision_comment_body`
2015.05.12 22:24:24	1	Импорт таблицы `field_revision_field_image`
2015.05.12 22:24:24	1	Импорт таблицы `field_revision_field_tags`
2015.05.12 22:24:24	1	Импорт таблицы `file_managed`
2015.05.12 22:24:24	4	MySQL Error: You have an error in your SQL syntax; check the manual that corresponds to your MySQL server version for the right syntax to use near \'\' at line 1 (/var/www/test.loc/sxd/index.php:1594)
